<?xml version="1.0" encoding="utf-8"?><testsuites name="pytest tests"><testsuite name="pytest" errors="0" failures="0" skipped="0" tests="15" time="12.672" timestamp="2026-06-26T10:56:50.611134+00:00" hostname="agent-env-0c47b0d5-3ec7-43ca-b406-cfd2abaa4635"><testcase classname="tests.test_longform_api" name="test_plan_invalid_clip_duration_returns_400" time="0.259" /><testcase classname="tests.test_longform_api" name="test_plan_total_duration_too_large_returns_400" time="0.127" /><testcase classname="tests.test_longform_api" name="test_plan_total_duration_zero_returns_400" time="0.108" /><testcase classname="tests.test_longform_api" name="test_plan_negative_total_duration_returns_400" time="0.127" /><testcase classname="tests.test_longform_api" name="test_plan_happy_path_returns_3_scenes" time="10.434" /><testcase classname="tests.test_longform_api" name="test_list_without_auth_returns_401" time="0.125" /><testcase classname="tests.test_longform_api" name="test_list_returns_items_array" time="0.128" /><testcase classname="tests.test_longform_api" name="test_get_nonexistent_returns_404" time="0.105" /><testcase classname="tests.test_longform_api" name="test_delete_nonexistent_returns_404" time="0.105" /><testcase classname="tests.test_longform_api" name="test_create_empty_scenes_returns_400" time="0.099" /><testcase classname="tests.test_longform_api" name="test_create_too_many_scenes_returns_400" time="0.099" /><testcase classname="tests.test_longform_api" name="test_create_invalid_clip_duration_returns_400" time="0.107" /><testcase classname="tests.test_longform_api" name="test_create_invalid_size_returns_400" time="0.106" /><testcase classname="tests.test_longform_api" name="test_create_whitespace_only_scenes_returns_400" time="0.112" /><testcase classname="tests.test_longform_api" name="test_ffmpeg_callable" time="0.066" /></testsuite></testsuites>