<?xml version="1.0" encoding="utf-8"?><testsuites name="pytest tests"><testsuite name="pytest" errors="0" failures="0" skipped="0" tests="18" time="9.797" timestamp="2026-06-26T11:14:12.169183+00:00" hostname="agent-env-0c47b0d5-3ec7-43ca-b406-cfd2abaa4635"><testcase classname="tests.test_longform_api" name="test_plan_invalid_clip_duration_returns_400" time="0.232" /><testcase classname="tests.test_longform_api" name="test_plan_total_duration_too_large_returns_400" time="0.128" /><testcase classname="tests.test_longform_api" name="test_plan_total_duration_zero_returns_400" time="0.128" /><testcase classname="tests.test_longform_api" name="test_plan_happy_path_returns_3_scenes" time="6.710" /><testcase classname="tests.test_longform_api" name="test_list_without_auth_returns_401" time="0.161" /><testcase classname="tests.test_longform_api" name="test_list_returns_items_array_without_scenes_field" time="0.132" /><testcase classname="tests.test_longform_api" name="test_get_nonexistent_returns_404" time="0.128" /><testcase classname="tests.test_longform_api" name="test_delete_nonexistent_returns_404" time="0.098" /><testcase classname="tests.test_longform_api" name="test_create_old_string_scenes_returns_422" time="0.096" /><testcase classname="tests.test_longform_api" name="test_create_empty_scenes_returns_400" time="0.142" /><testcase classname="tests.test_longform_api" name="test_create_whitespace_only_scenes_returns_400" time="0.094" /><testcase classname="tests.test_longform_api" name="test_create_too_many_scenes_returns_400" time="0.096" /><testcase classname="tests.test_longform_api" name="test_create_invalid_clip_duration_returns_400" time="0.097" /><testcase classname="tests.test_longform_api" name="test_create_invalid_size_returns_400" time="0.099" /><testcase classname="tests.test_longform_api" name="test_create_with_reference_then_immediate_delete" time="0.324" /><testcase classname="tests.test_longform_api" name="test_create_without_style_ref_accepted_then_delete" time="0.190" /><testcase classname="tests.test_longform_api" name="test_get_returns_light_scenes_with_has_reference" time="0.297" /><testcase classname="tests.test_longform_api" name="test_ffmpeg_callable" time="0.070" /></testsuite></testsuites>