<?xml version="1.0" encoding="utf-8"?><testsuites name="pytest tests"><testsuite name="pytest" errors="0" failures="0" skipped="0" tests="9" time="21.872" timestamp="2026-06-26T08:44:53.467623+00:00" hostname="agent-env-0c47b0d5-3ec7-43ca-b406-cfd2abaa4635"><testcase classname="tests.test_kiema_api" name="test_root_status_ok" time="0.245" /><testcase classname="tests.test_kiema_api" name="test_auth_me_without_token_returns_401" time="0.099" /><testcase classname="tests.test_kiema_api" name="test_auth_me_with_token_returns_user" time="0.130" /><testcase classname="tests.test_kiema_api" name="test_video_invalid_duration_returns_400" time="0.098" /><testcase classname="tests.test_kiema_api" name="test_image_generation_creates_record" time="11.405" /><testcase classname="tests.test_kiema_api" name="test_list_generations_includes_new_image" time="0.229" /><testcase classname="tests.test_kiema_api" name="test_list_generations_filter_image_only" time="0.245" /><testcase classname="tests.test_kiema_api" name="test_image_generation_with_reference" time="8.696" /><testcase classname="tests.test_kiema_api" name="test_delete_generation_removes_it" time="0.195" /></testsuite></testsuites>